2025-04-22 04:06:35,740 INFO  utils.LoggerHandler - Clicked on check order status
 2025-04-22 04:06:35,921 INFO  utils.LoggerHandler - URL contains /myaccount/guest-order-tracking
 2025-04-22 04:06:39,599 INFO  utils.LoggerHandler - Clicked on Pay your credit card
 2025-04-22 04:06:39,922 INFO  utils.LoggerHandler - URL contains /c/credit-center
 2025-04-22 04:06:44,030 INFO  utils.LoggerHandler - Clicked on Order Cancellation
 2025-04-22 04:06:44,213 INFO  utils.LoggerHandler - URL contains /c/Customer_Support_Answers#cancel
 2025-04-22 04:06:48,396 INFO  utils.LoggerHandler - Clicked on Return Policy
 2025-04-22 04:06:48,600 INFO  utils.LoggerHandler - URL contains /c/Return_Policy
 2025-04-22 04:06:52,402 INFO  utils.LoggerHandler - Clicked on Refund Policy
 2025-04-22 04:06:52,527 INFO  utils.LoggerHandler - URL contains /c/refund-policy
 2025-04-22 04:06:55,825 INFO  utils.LoggerHandler - Clicked on Shipping & Delivery
 2025-04-22 04:06:56,196 INFO  utils.LoggerHandler - URL contains /c/About_Your_Online_Order
 2025-04-22 04:07:01,509 INFO  utils.LoggerHandler - Clicked on Product Recalls
 2025-04-22 04:07:02,322 INFO  utils.LoggerHandler - URL contains /c/Product_Recalls
 2025-04-22 04:07:05,123 INFO  utils.LoggerHandler - Clicked on My Preference center
 2025-04-22 04:07:05,497 INFO  utils.LoggerHandler - URL contains privacy/MyPreferenceCenter
 2025-04-22 04:07:07,902 INFO  utils.LoggerHandler - Clicked on Privacy Security Center
 2025-04-22 04:07:07,926 INFO  utils.LoggerHandler - URL contains privacy/overview
 2025-04-22 04:07:20,516 INFO  utils.LoggerHandler - Clicked on Specials & Offers
 2025-04-22 04:07:21,100 INFO  utils.LoggerHandler - URL contains /c/Savings_Center
 2025-04-22 04:07:25,237 INFO  utils.LoggerHandler - Clicked on Military Discount Benefit
 2025-04-22 04:07:25,395 INFO  utils.LoggerHandler - URL contains /c/military
 2025-04-22 04:07:30,523 INFO  utils.LoggerHandler - Clicked on DIY Projects And Ideas
 2025-04-22 04:07:32,829 INFO  utils.LoggerHandler - URL contains /c/diy_projects_and_ideas
 2025-04-22 04:07:37,897 INFO  utils.LoggerHandler - Clicked on Truck and Tool Rental
 2025-04-22 04:07:38,133 INFO  utils.LoggerHandler - URL contains /c/tool_and_truck_rental
 2025-04-22 04:07:42,798 INFO  utils.LoggerHandler - Clicked on Installation & Services
 2025-04-22 04:07:42,914 INFO  utils.LoggerHandler - URL contains /services
 2025-04-22 04:07:47,530 INFO  utils.LoggerHandler - Clicked on Moving Supplies And Rentals
 2025-04-22 04:07:48,439 INFO  utils.LoggerHandler - URL contains /b/Storage-Organization-Moving-Supplies/N-5yc1vZc89r
 2025-04-22 04:07:52,609 INFO  utils.LoggerHandler - Clicked on Protection Plans
 2025-04-22 04:07:52,719 INFO  utils.LoggerHandler - URL contains /c/The_Home_Depot_Protection_Plans
 2025-04-22 04:07:55,933 INFO  utils.LoggerHandler - Clicked on Rebate center
 2025-04-22 04:07:56,031 INFO  utils.LoggerHandler - URL contains /rebate-center/index.html
 2025-04-22 04:07:59,520 INFO  utils.LoggerHandler - Clicked on Gift Cards
 2025-04-22 04:08:01,374 INFO  utils.LoggerHandler - URL contains /c/gift-cards
 