2025-04-22 09:33:54,170 INFO  utils.LoggerHandler - Clicked on Input Search Bar
 2025-04-22 09:33:54,272 INFO  utils.LoggerHandler - Entered wrench on Input Search Bar
 2025-04-22 09:33:54,614 INFO  utils.LoggerHandler - Clicked On Search Icon
 2025-04-22 09:34:01,784 INFO  utils.LoggerHandler - Verified wrench label
 2025-04-22 09:34:02,679 INFO  utils.LoggerHandler - Clicked on Category
 2025-04-22 09:34:04,159 INFO  utils.LoggerHandler - Clicked on Wrench Sets
 2025-04-22 09:34:06,985 INFO  utils.LoggerHandler - Verified Wrench Sets label
 2025-04-22 09:34:07,069 INFO  utils.LoggerHandler - Navigated to previous page
 2025-04-22 09:34:07,421 INFO  utils.LoggerHandler - Navigated to previous page
 2025-04-22 09:34:10,458 INFO  utils.LoggerHandler - Clicked on Category
 2025-04-22 09:34:11,539 INFO  utils.LoggerHandler - Clicked on Ratcheting Wrenches
 2025-04-22 09:34:15,555 INFO  utils.LoggerHandler - Verified Ratcheting Wrenches label
 2025-04-22 09:34:15,816 INFO  utils.LoggerHandler - Navigated to previous page
 2025-04-22 09:34:16,273 INFO  utils.LoggerHandler - Navigated to previous page
 2025-04-22 09:34:18,112 INFO  utils.LoggerHandler - Clicked on Category
 2025-04-22 09:34:19,703 INFO  utils.LoggerHandler - Clicked on Adjustable Wrenches
 2025-04-22 09:34:22,728 INFO  utils.LoggerHandler - Verified Adjustable Wrenches label
 2025-04-22 09:34:22,943 INFO  utils.LoggerHandler - Navigated to previous page
 2025-04-22 09:34:23,343 INFO  utils.LoggerHandler - Navigated to previous page
 2025-04-22 09:34:26,209 INFO  utils.LoggerHandler - Clicked on Category
 2025-04-22 09:34:27,822 INFO  utils.LoggerHandler - Clicked on Adjustable Wrenches
 2025-04-22 09:34:30,756 INFO  utils.LoggerHandler - Verified Impact Wrenches label
 2025-04-22 09:34:31,104 INFO  utils.LoggerHandler - Took screenshot of Impact Wrenches page
 2025-04-22 09:34:40,322 INFO  utils.LoggerHandler - Clicked on Shop All
 2025-04-22 09:34:40,944 INFO  utils.LoggerHandler - Clicked on Savings
 2025-04-22 09:34:43,756 INFO  utils.LoggerHandler - Clicked on Shop All Savings
 2025-04-22 09:34:45,067 INFO  utils.LoggerHandler - Verified SAVINGS CENTER label
 2025-04-22 09:34:47,179 INFO  utils.LoggerHandler - Navigated to previous page
 2025-04-22 09:34:50,385 INFO  utils.LoggerHandler - Clicked on Shop All
 2025-04-22 09:34:50,666 INFO  utils.LoggerHandler - Verified Shop By Department label
 2025-04-22 09:34:51,195 INFO  utils.LoggerHandler - Clicked on Shop By Department
 2025-04-22 09:34:51,393 INFO  utils.LoggerHandler - Verified Appliances label
 2025-04-22 09:34:51,618 INFO  utils.LoggerHandler - Clicked on Appliances
 2025-04-22 09:34:52,026 INFO  utils.LoggerHandler - Verified Shop All Appliances label
 2025-04-22 09:34:54,892 INFO  utils.LoggerHandler - Clicked on Shop All Appliances
 2025-04-22 09:34:56,554 INFO  utils.LoggerHandler - Verified Appliances label
 2025-04-22 09:35:01,798 INFO  utils.LoggerHandler - Clicked on Kitchen Appliance Packages
 2025-04-22 09:35:02,929 INFO  utils.LoggerHandler - Verified KITCHEN APPLIANCE PACKAGES label
 2025-04-22 09:35:02,966 INFO  utils.LoggerHandler - Scroll down the page
 2025-04-22 09:35:08,405 INFO  utils.LoggerHandler - Clicked on View Package on first product
 2025-04-22 09:35:08,706 INFO  utils.LoggerHandler - Took screenshot of View Package of the first product page
 