2025-04-22 04:07:34,070 INFO  utils.LoggerHandler - Clicked on Careers
 2025-04-22 04:07:34,085 INFO  utils.LoggerHandler - Verified url for Careers
 2025-04-22 04:07:41,853 INFO  utils.LoggerHandler - Clicked on Corporate Information
 2025-04-22 04:07:41,907 INFO  utils.LoggerHandler - Verified url for Corporate Information
 2025-04-22 04:07:48,225 INFO  utils.LoggerHandler - Clicked on Digital Newsroom
 2025-04-22 04:07:48,247 ERROR utils.LoggerHandler - Not Verified url for Digital Newsroom
 2025-04-22 04:07:56,214 INFO  utils.LoggerHandler - Clicked on Home Depot Foundation
 2025-04-22 04:07:56,246 ERROR utils.LoggerHandler - Not Verified url for Depot Foundation
 2025-04-22 04:08:07,965 INFO  utils.LoggerHandler - Clicked on Investor Relations
 2025-04-22 04:08:07,988 INFO  utils.LoggerHandler - Verified url for Investor Relations
 2025-04-22 04:08:16,628 INFO  utils.LoggerHandler - Clicked on Government Customers
 2025-04-22 04:08:17,220 INFO  utils.LoggerHandler - Verified url for Government Customers
 2025-04-22 04:08:26,703 INFO  utils.LoggerHandler - Clicked on Suppliers & Providers
 2025-04-22 04:08:26,918 INFO  utils.LoggerHandler - Verified url for Suppliers & Providers
 2025-04-22 04:08:35,828 INFO  utils.LoggerHandler - Clicked on Affiliate Program
 2025-04-22 04:08:36,438 INFO  utils.LoggerHandler - Verified url for Affiliate Program
 2025-04-22 04:08:45,242 INFO  utils.LoggerHandler - Clicked on Eco Actions
 2025-04-22 04:08:46,323 INFO  utils.LoggerHandler - Verified url for Eco Actions
 2025-04-22 04:08:58,822 INFO  utils.LoggerHandler - Clicked on Credit Offers
 2025-04-22 04:09:00,113 INFO  utils.LoggerHandler - Verified text CREDIT CARD SERVICES
 2025-04-22 04:09:03,016 INFO  utils.LoggerHandler - Clicked on Apply Now
 2025-04-22 04:09:09,847 INFO  utils.LoggerHandler - Data inserted for First Name
 2025-04-22 04:09:10,028 INFO  utils.LoggerHandler - Data inserted for Last Name
 2025-04-22 04:09:10,265 INFO  utils.LoggerHandler - Data inserted for Email Address
 2025-04-22 04:09:10,536 INFO  utils.LoggerHandler - Data inserted for Mobile Number
 2025-04-22 04:09:10,820 INFO  utils.LoggerHandler - Clicked on Continue
 2025-04-22 04:09:11,162 INFO  utils.LoggerHandler - Clicked on Continue
 2025-04-22 04:09:12,024 INFO  utils.LoggerHandler - Data inserted for Street Address
 2025-04-22 04:09:12,303 INFO  utils.LoggerHandler - Data inserted for City
 2025-04-22 04:09:12,516 INFO  utils.LoggerHandler - Data inserted for State
 2025-04-22 04:09:12,675 INFO  utils.LoggerHandler - Data inserted for Zip Code
 2025-04-22 04:09:12,839 INFO  utils.LoggerHandler - Clicked on Continue
 2025-04-22 04:09:13,347 INFO  utils.LoggerHandler - Data inserted for Residential Status
 2025-04-22 04:09:13,658 INFO  utils.LoggerHandler - Data inserted for Monthly Income
 2025-04-22 04:09:14,019 INFO  utils.LoggerHandler - Data inserted for Total Income
 2025-04-22 04:09:14,149 INFO  utils.LoggerHandler - Clicked on Continue
 2025-04-22 04:09:14,307 INFO  utils.LoggerHandler - Clicked on Continue
 