2025-04-22 09:55:50,732 INFO  utils.LoggerHandler - User Clicked on Service Icon
 2025-04-22 09:55:50,837 INFO  utils.LoggerHandler - Verified the Text'Services'
 2025-04-22 09:55:51,243 INFO  utils.LoggerHandler - User Clicked on Installation & Services
 2025-04-22 09:55:54,530 INFO  utils.LoggerHandler - User Clicked on View All Installation & Services
 2025-04-22 09:55:56,121 INFO  utils.LoggerHandler - Verified the Text'Home Services'
 2025-04-22 09:55:56,730 INFO  utils.LoggerHandler - User Clicked on Flooring
 2025-04-22 09:55:58,036 INFO  utils.LoggerHandler - Verified the Text'Flooring Installation'
 2025-04-22 09:55:58,215 INFO  utils.LoggerHandler - Navigated back to Previous Page
 2025-04-22 09:55:59,148 INFO  utils.LoggerHandler - User Clicked on Bathroom
 2025-04-22 09:56:00,107 INFO  utils.LoggerHandler - Verified the Text'Bathroom Installation Services'
 2025-04-22 09:56:00,231 INFO  utils.LoggerHandler - Navigated back to Previous Page
 2025-04-22 09:56:01,045 INFO  utils.LoggerHandler - User Clicked on Doors & Windows
 2025-04-22 09:56:01,998 INFO  utils.LoggerHandler - Verified the Text'Window & Door Services'
 2025-04-22 09:56:02,118 INFO  utils.LoggerHandler - Navigated back to Previous Page
 2025-04-22 09:56:02,915 INFO  utils.LoggerHandler - User Clicked on Heating & Cooling
 2025-04-22 09:56:03,829 INFO  utils.LoggerHandler - Verified the Text'HVAC Services'
 2025-04-22 09:56:03,912 INFO  utils.LoggerHandler - Navigated back to Previous Page
 2025-04-22 09:56:16,444 INFO  utils.LoggerHandler - Clicked on DIY Icon
 2025-04-22 09:56:17,013 INFO  utils.LoggerHandler - Clicked on 'Free WorkShops'
 2025-04-22 09:56:17,078 INFO  utils.LoggerHandler - Verified the Text'Free Workshops'
 2025-04-22 09:56:20,213 INFO  utils.LoggerHandler - Clicked on 'Kids Workshops'
 2025-04-22 09:56:21,725 INFO  utils.LoggerHandler - Verified the Text'Kids Workshops'
 2025-04-22 09:56:27,153 INFO  utils.LoggerHandler - Clicked on 'Learn More'
 2025-04-22 09:56:28,121 INFO  utils.LoggerHandler - Verified the Page Title'Free DIY Workshops & Classes'
 2025-04-22 09:56:29,350 INFO  utils.LoggerHandler - Clicked on 'Register Now'
 