2025-04-22 03:45:31,635 INFO  utils.LoggerHandler - Clicked on Careers
 2025-04-22 03:45:31,705 INFO  utils.LoggerHandler - Verified url for Careers
 2025-04-22 03:45:39,821 INFO  utils.LoggerHandler - Clicked on Corporate Information
 2025-04-22 03:45:39,848 INFO  utils.LoggerHandler - Verified url for Corporate Information
 2025-04-22 03:45:47,219 INFO  utils.LoggerHandler - Clicked on Digital Newsroom
 2025-04-22 03:45:47,249 ERROR utils.LoggerHandler - Not Verified url for Digital Newsroom
 2025-04-22 03:45:54,845 INFO  utils.LoggerHandler - Clicked on Home Depot Foundation
 2025-04-22 03:45:54,854 ERROR utils.LoggerHandler - Not Verified url for Depot Foundation
 2025-04-22 03:46:06,852 INFO  utils.LoggerHandler - Clicked on Investor Relations
 2025-04-22 03:46:06,867 INFO  utils.LoggerHandler - Verified url for Investor Relations
 2025-04-22 03:46:16,532 INFO  utils.LoggerHandler - Clicked on Government Customers
 2025-04-22 03:46:17,358 INFO  utils.LoggerHandler - Verified url for Government Customers
 2025-04-22 03:46:27,660 INFO  utils.LoggerHandler - Clicked on Suppliers & Providers
 2025-04-22 03:46:28,058 INFO  utils.LoggerHandler - Verified url for Suppliers & Providers
 2025-04-22 03:46:37,210 INFO  utils.LoggerHandler - Clicked on Affiliate Program
 2025-04-22 03:46:37,632 INFO  utils.LoggerHandler - Verified url for Affiliate Program
 2025-04-22 03:46:46,018 INFO  utils.LoggerHandler - Clicked on Eco Actions
 2025-04-22 03:46:46,813 INFO  utils.LoggerHandler - Verified url for Eco Actions
 2025-04-22 03:46:59,734 INFO  utils.LoggerHandler - Clicked on Credit Offers
 2025-04-22 03:47:01,106 INFO  utils.LoggerHandler - Verified text CREDIT CARD SERVICES
 2025-04-22 03:47:03,346 INFO  utils.LoggerHandler - Clicked on Apply Now
 2025-04-22 03:47:10,854 INFO  utils.LoggerHandler - Data inserted for First Name
 2025-04-22 03:47:11,138 INFO  utils.LoggerHandler - Data inserted for Last Name
 2025-04-22 03:47:11,504 INFO  utils.LoggerHandler - Data inserted for Email Address
 2025-04-22 03:47:11,736 INFO  utils.LoggerHandler - Data inserted for Mobile Number
 2025-04-22 03:47:12,240 INFO  utils.LoggerHandler - Clicked on Continue
 2025-04-22 03:47:12,776 INFO  utils.LoggerHandler - Clicked on Continue
 2025-04-22 03:47:13,050 INFO  utils.LoggerHandler - Data inserted for Street Address
 2025-04-22 03:47:13,616 INFO  utils.LoggerHandler - Data inserted for City
 2025-04-22 03:47:14,015 INFO  utils.LoggerHandler - Data inserted for State
 2025-04-22 03:47:14,183 INFO  utils.LoggerHandler - Data inserted for Zip Code
 2025-04-22 03:47:14,505 INFO  utils.LoggerHandler - Clicked on Continue
 2025-04-22 03:47:15,200 INFO  utils.LoggerHandler - Data inserted for Residential Status
 2025-04-22 03:47:15,344 INFO  utils.LoggerHandler - Data inserted for Monthly Income
 2025-04-22 03:47:15,686 INFO  utils.LoggerHandler - Data inserted for Total Income
 2025-04-22 03:47:15,926 INFO  utils.LoggerHandler - Clicked on Continue
 2025-04-22 03:47:16,200 INFO  utils.LoggerHandler - Clicked on Continue
 